{
    "/Users/rsa/lab/exchange-mini/resources/js/App.vue": {
        "path": "/Users/rsa/lab/exchange-mini/resources/js/App.vue",
        "all": true,
        "statementMap": {
            "0": {
                "start": { "line": 1, "column": 0 },
                "end": { "line": 1, "column": 10 }
            },
            "1": {
                "start": { "line": 2, "column": 0 },
                "end": { "line": 2, "column": 59 }
            },
            "2": {
                "start": { "line": 3, "column": 0 },
                "end": { "line": 3, "column": 23 }
            },
            "3": {
                "start": { "line": 4, "column": 0 },
                "end": { "line": 4, "column": 10 }
            }
        },
        "s": { "0": 0, "1": 0, "2": 0, "3": 0 },
        "branchMap": {
            "0": {
                "type": "branch",
                "line": 1,
                "loc": {
                    "start": { "line": 1, "column": 0 },
                    "end": { "line": 7, "column": -109 }
                },
                "locations": [
                    {
                        "start": { "line": 1, "column": 0 },
                        "end": { "line": 7, "column": -109 }
                    }
                ]
            }
        },
        "b": { "0": [0] },
        "fnMap": {
            "0": {
                "name": "(empty-report)",
                "decl": {
                    "start": { "line": 1, "column": 0 },
                    "end": { "line": 7, "column": -109 }
                },
                "loc": {
                    "start": { "line": 1, "column": 0 },
                    "end": { "line": 7, "column": -109 }
                },
                "line": 1
            }
        },
        "f": { "0": 0 }
    },
    "/Users/rsa/lab/exchange-mini/resources/js/app.ts": {
        "path": "/Users/rsa/lab/exchange-mini/resources/js/app.ts",
        "all": true,
        "statementMap": {
            "0": {
                "start": { "line": 1, "column": 0 },
                "end": { "line": 1, "column": 21 }
            },
            "2": {
                "start": { "line": 3, "column": 0 },
                "end": { "line": 3, "column": 36 }
            },
            "3": {
                "start": { "line": 4, "column": 0 },
                "end": { "line": 4, "column": 32 }
            },
            "4": {
                "start": { "line": 5, "column": 0 },
                "end": { "line": 5, "column": 28 }
            },
            "5": {
                "start": { "line": 6, "column": 0 },
                "end": { "line": 6, "column": 30 }
            },
            "7": {
                "start": { "line": 8, "column": 0 },
                "end": { "line": 8, "column": 28 }
            },
            "8": {
                "start": { "line": 9, "column": 0 },
                "end": { "line": 9, "column": 27 }
            },
            "9": {
                "start": { "line": 10, "column": 0 },
                "end": { "line": 10, "column": 15 }
            },
            "10": {
                "start": { "line": 11, "column": 0 },
                "end": { "line": 11, "column": 16 }
            },
            "11": {
                "start": { "line": 12, "column": 0 },
                "end": { "line": 12, "column": 18 }
            }
        },
        "s": {
            "0": 0,
            "2": 0,
            "3": 0,
            "4": 0,
            "5": 0,
            "7": 0,
            "8": 0,
            "9": 0,
            "10": 0,
            "11": 0
        },
        "branchMap": {
            "0": {
                "type": "branch",
                "line": 1,
                "loc": {
                    "start": { "line": 1, "column": 262 },
                    "end": { "line": 12, "column": 18 }
                },
                "locations": [
                    {
                        "start": { "line": 1, "column": 262 },
                        "end": { "line": 12, "column": 18 }
                    }
                ]
            }
        },
        "b": { "0": [0] },
        "fnMap": {
            "0": {
                "name": "(empty-report)",
                "decl": {
                    "start": { "line": 1, "column": 262 },
                    "end": { "line": 12, "column": 18 }
                },
                "loc": {
                    "start": { "line": 1, "column": 262 },
                    "end": { "line": 12, "column": 18 }
                },
                "line": 1
            }
        },
        "f": { "0": 0 }
    },
    "/Users/rsa/lab/exchange-mini/resources/js/bootstrap.ts": {
        "path": "/Users/rsa/lab/exchange-mini/resources/js/bootstrap.ts",
        "all": true,
        "statementMap": {
            "0": {
                "start": { "line": 1, "column": 0 },
                "end": { "line": 1, "column": 26 }
            },
            "1": {
                "start": { "line": 2, "column": 0 },
                "end": { "line": 2, "column": 30 }
            },
            "3": {
                "start": { "line": 4, "column": 0 },
                "end": { "line": 4, "column": 76 }
            },
            "4": {
                "start": { "line": 5, "column": 0 },
                "end": { "line": 5, "column": 45 }
            },
            "5": {
                "start": { "line": 6, "column": 0 },
                "end": { "line": 6, "column": 85 }
            },
            "7": {
                "start": { "line": 8, "column": 0 },
                "end": { "line": 8, "column": 32 }
            },
            "8": {
                "start": { "line": 9, "column": 0 },
                "end": { "line": 9, "column": 55 }
            },
            "10": {
                "start": { "line": 11, "column": 0 },
                "end": { "line": 11, "column": 32 }
            },
            "12": {
                "start": { "line": 13, "column": 0 },
                "end": { "line": 13, "column": 33 }
            },
            "13": {
                "start": { "line": 14, "column": 0 },
                "end": { "line": 14, "column": 26 }
            },
            "14": {
                "start": { "line": 15, "column": 0 },
                "end": { "line": 15, "column": 45 }
            },
            "15": {
                "start": { "line": 16, "column": 0 },
                "end": { "line": 16, "column": 53 }
            },
            "16": {
                "start": { "line": 17, "column": 0 },
                "end": { "line": 17, "column": 19 }
            },
            "17": {
                "start": { "line": 18, "column": 0 },
                "end": { "line": 18, "column": 48 }
            },
            "18": {
                "start": { "line": 19, "column": 0 },
                "end": { "line": 19, "column": 16 }
            },
            "19": {
                "start": { "line": 20, "column": 0 },
                "end": { "line": 20, "column": 76 }
            },
            "20": {
                "start": { "line": 21, "column": 0 },
                "end": { "line": 21, "column": 21 }
            },
            "21": {
                "start": { "line": 22, "column": 0 },
                "end": { "line": 22, "column": 49 }
            },
            "22": {
                "start": { "line": 23, "column": 0 },
                "end": { "line": 23, "column": 44 }
            },
            "23": {
                "start": { "line": 24, "column": 0 },
                "end": { "line": 24, "column": 51 }
            },
            "24": {
                "start": { "line": 25, "column": 0 },
                "end": { "line": 25, "column": 22 }
            },
            "25": {
                "start": { "line": 26, "column": 0 },
                "end": { "line": 26, "column": 71 }
            },
            "26": {
                "start": { "line": 27, "column": 0 },
                "end": { "line": 27, "column": 61 }
            },
            "27": {
                "start": { "line": 28, "column": 0 },
                "end": { "line": 28, "column": 14 }
            },
            "28": {
                "start": { "line": 29, "column": 0 },
                "end": { "line": 29, "column": 10 }
            },
            "29": {
                "start": { "line": 30, "column": 0 },
                "end": { "line": 30, "column": 6 }
            },
            "30": {
                "start": { "line": 31, "column": 0 },
                "end": { "line": 31, "column": 3 }
            }
        },
        "s": {
            "0": 0,
            "1": 0,
            "3": 0,
            "4": 0,
            "5": 0,
            "7": 0,
            "8": 0,
            "10": 0,
            "12": 0,
            "13": 0,
            "14": 0,
            "15": 0,
            "16": 0,
            "17": 0,
            "18": 0,
            "19": 0,
            "20": 0,
            "21": 0,
            "22": 0,
            "23": 0,
            "24": 0,
            "25": 0,
            "26": 0,
            "27": 0,
            "28": 0,
            "29": 0,
            "30": 0
        },
        "branchMap": {
            "0": {
                "type": "branch",
                "line": 1,
                "loc": {
                    "start": { "line": 1, "column": 0 },
                    "end": { "line": 31, "column": -68 }
                },
                "locations": [
                    {
                        "start": { "line": 1, "column": 0 },
                        "end": { "line": 31, "column": -68 }
                    }
                ]
            }
        },
        "b": { "0": [0] },
        "fnMap": {
            "0": {
                "name": "(empty-report)",
                "decl": {
                    "start": { "line": 1, "column": 0 },
                    "end": { "line": 31, "column": -68 }
                },
                "loc": {
                    "start": { "line": 1, "column": 0 },
                    "end": { "line": 31, "column": -68 }
                },
                "line": 1
            }
        },
        "f": { "0": 0 }
    },
    "/Users/rsa/lab/exchange-mini/resources/js/router.ts": {
        "path": "/Users/rsa/lab/exchange-mini/resources/js/router.ts",
        "all": true,
        "statementMap": {
            "0": {
                "start": { "line": 1, "column": 0 },
                "end": { "line": 1, "column": 44 }
            },
            "1": {
                "start": { "line": 2, "column": 0 },
                "end": { "line": 2, "column": 38 }
            },
            "2": {
                "start": { "line": 3, "column": 0 },
                "end": { "line": 3, "column": 44 }
            },
            "3": {
                "start": { "line": 4, "column": 0 },
                "end": { "line": 4, "column": 60 }
            },
            "4": {
                "start": { "line": 5, "column": 0 },
                "end": { "line": 5, "column": 45 }
            },
            "6": {
                "start": { "line": 7, "column": 0 },
                "end": { "line": 7, "column": 16 }
            },
            "7": {
                "start": { "line": 8, "column": 0 },
                "end": { "line": 8, "column": 5 }
            },
            "8": {
                "start": { "line": 9, "column": 0 },
                "end": { "line": 9, "column": 18 }
            },
            "9": {
                "start": { "line": 10, "column": 0 },
                "end": { "line": 10, "column": 25 }
            },
            "10": {
                "start": { "line": 11, "column": 0 },
                "end": { "line": 11, "column": 28 }
            },
            "11": {
                "start": { "line": 12, "column": 0 },
                "end": { "line": 12, "column": 37 }
            },
            "12": {
                "start": { "line": 13, "column": 0 },
                "end": { "line": 13, "column": 6 }
            },
            "13": {
                "start": { "line": 14, "column": 0 },
                "end": { "line": 14, "column": 5 }
            },
            "14": {
                "start": { "line": 15, "column": 0 },
                "end": { "line": 15, "column": 23 }
            },
            "15": {
                "start": { "line": 16, "column": 0 },
                "end": { "line": 16, "column": 22 }
            },
            "16": {
                "start": { "line": 17, "column": 0 },
                "end": { "line": 17, "column": 25 }
            },
            "17": {
                "start": { "line": 18, "column": 0 },
                "end": { "line": 18, "column": 6 }
            },
            "18": {
                "start": { "line": 19, "column": 0 },
                "end": { "line": 19, "column": 5 }
            },
            "19": {
                "start": { "line": 20, "column": 0 },
                "end": { "line": 20, "column": 26 }
            },
            "20": {
                "start": { "line": 21, "column": 0 },
                "end": { "line": 21, "column": 25 }
            },
            "21": {
                "start": { "line": 22, "column": 0 },
                "end": { "line": 22, "column": 28 }
            },
            "22": {
                "start": { "line": 23, "column": 0 },
                "end": { "line": 23, "column": 6 }
            },
            "23": {
                "start": { "line": 24, "column": 0 },
                "end": { "line": 24, "column": 2 }
            },
            "25": {
                "start": { "line": 26, "column": 0 },
                "end": { "line": 26, "column": 29 }
            },
            "26": {
                "start": { "line": 27, "column": 0 },
                "end": { "line": 27, "column": 32 }
            },
            "27": {
                "start": { "line": 28, "column": 0 },
                "end": { "line": 28, "column": 11 }
            },
            "28": {
                "start": { "line": 29, "column": 0 },
                "end": { "line": 29, "column": 3 }
            },
            "30": {
                "start": { "line": 31, "column": 0 },
                "end": { "line": 31, "column": 39 }
            },
            "31": {
                "start": { "line": 32, "column": 0 },
                "end": { "line": 32, "column": 37 }
            },
            "33": {
                "start": { "line": 34, "column": 0 },
                "end": { "line": 34, "column": 8 }
            },
            "34": {
                "start": { "line": 35, "column": 0 },
                "end": { "line": 35, "column": 64 }
            },
            "35": {
                "start": { "line": 36, "column": 0 },
                "end": { "line": 36, "column": 34 }
            },
            "36": {
                "start": { "line": 37, "column": 0 },
                "end": { "line": 37, "column": 7 }
            },
            "37": {
                "start": { "line": 38, "column": 0 },
                "end": { "line": 38, "column": 23 }
            },
            "38": {
                "start": { "line": 39, "column": 0 },
                "end": { "line": 39, "column": 12 }
            },
            "39": {
                "start": { "line": 40, "column": 0 },
                "end": { "line": 40, "column": 15 }
            },
            "40": {
                "start": { "line": 41, "column": 0 },
                "end": { "line": 41, "column": 5 }
            },
            "41": {
                "start": { "line": 42, "column": 0 },
                "end": { "line": 42, "column": 3 }
            },
            "43": {
                "start": { "line": 44, "column": 0 },
                "end": { "line": 44, "column": 22 }
            }
        },
        "s": {
            "0": 0,
            "1": 0,
            "2": 0,
            "3": 0,
            "4": 0,
            "6": 0,
            "7": 0,
            "8": 0,
            "9": 0,
            "10": 0,
            "11": 0,
            "12": 0,
            "13": 0,
            "14": 0,
            "15": 0,
            "16": 0,
            "17": 0,
            "18": 0,
            "19": 0,
            "20": 0,
            "21": 0,
            "22": 0,
            "23": 0,
            "25": 0,
            "26": 0,
            "27": 0,
            "28": 0,
            "30": 0,
            "31": 0,
            "33": 0,
            "34": 0,
            "35": 0,
            "36": 0,
            "37": 0,
            "38": 0,
            "39": 0,
            "40": 0,
            "41": 0,
            "43": 0
        },
        "branchMap": {
            "0": {
                "type": "branch",
                "line": 1,
                "loc": {
                    "start": { "line": 1, "column": 0 },
                    "end": { "line": 44, "column": -312 }
                },
                "locations": [
                    {
                        "start": { "line": 1, "column": 0 },
                        "end": { "line": 44, "column": -312 }
                    }
                ]
            }
        },
        "b": { "0": [0] },
        "fnMap": {
            "0": {
                "name": "(empty-report)",
                "decl": {
                    "start": { "line": 1, "column": 0 },
                    "end": { "line": 44, "column": -312 }
                },
                "loc": {
                    "start": { "line": 1, "column": 0 },
                    "end": { "line": 44, "column": -312 }
                },
                "line": 1
            }
        },
        "f": { "0": 0 }
    },
    "/Users/rsa/lab/exchange-mini/resources/js/types.ts": {
        "path": "/Users/rsa/lab/exchange-mini/resources/js/types.ts",
        "all": true,
        "statementMap": {},
        "s": {},
        "branchMap": {
            "0": {
                "type": "branch",
                "line": 1,
                "loc": {
                    "start": { "line": 1, "column": 379 },
                    "end": { "line": 21, "column": 63 }
                },
                "locations": [
                    {
                        "start": { "line": 1, "column": 379 },
                        "end": { "line": 21, "column": 63 }
                    }
                ]
            }
        },
        "b": { "0": [1] },
        "fnMap": {
            "0": {
                "name": "(empty-report)",
                "decl": {
                    "start": { "line": 1, "column": 379 },
                    "end": { "line": 21, "column": 63 }
                },
                "loc": {
                    "start": { "line": 1, "column": 379 },
                    "end": { "line": 21, "column": 63 }
                },
                "line": 1
            }
        },
        "f": { "0": 1 }
    },
    "/Users/rsa/lab/exchange-mini/resources/js/components/OrderBook.vue": {
        "path": "/Users/rsa/lab/exchange-mini/resources/js/components/OrderBook.vue",
        "all": true,
        "statementMap": {
            "0": {
                "start": { "line": 1, "column": 0 },
                "end": { "line": 1, "column": 10 }
            },
            "1": {
                "start": { "line": 2, "column": 0 },
                "end": { "line": 2, "column": 68 }
            },
            "2": {
                "start": { "line": 3, "column": 0 },
                "end": { "line": 3, "column": 60 }
            },
            "3": {
                "start": { "line": 4, "column": 0 },
                "end": { "line": 4, "column": 76 }
            },
            "5": {
                "start": { "line": 6, "column": 0 },
                "end": { "line": 6, "column": 17 }
            },
            "6": {
                "start": { "line": 7, "column": 0 },
                "end": { "line": 7, "column": 19 }
            },
            "7": {
                "start": { "line": 8, "column": 0 },
                "end": { "line": 8, "column": 40 }
            },
            "8": {
                "start": { "line": 9, "column": 0 },
                "end": { "line": 9, "column": 35 }
            },
            "9": {
                "start": { "line": 10, "column": 0 },
                "end": { "line": 10, "column": 154 }
            },
            "11": {
                "start": { "line": 12, "column": 0 },
                "end": { "line": 12, "column": 48 }
            },
            "12": {
                "start": { "line": 13, "column": 0 },
                "end": { "line": 13, "column": 48 }
            },
            "13": {
                "start": { "line": 14, "column": 0 },
                "end": { "line": 14, "column": 21 }
            },
            "14": {
                "start": { "line": 15, "column": 0 },
                "end": { "line": 15, "column": 14 }
            },
            "16": {
                "start": { "line": 17, "column": 0 },
                "end": { "line": 17, "column": 12 }
            },
            "17": {
                "start": { "line": 18, "column": 0 },
                "end": { "line": 18, "column": 38 }
            },
            "18": {
                "start": { "line": 19, "column": 0 },
                "end": { "line": 19, "column": 64 }
            },
            "19": {
                "start": { "line": 20, "column": 0 },
                "end": { "line": 20, "column": 9 }
            },
            "21": {
                "start": { "line": 22, "column": 0 },
                "end": { "line": 22, "column": 14 }
            },
            "22": {
                "start": { "line": 23, "column": 0 },
                "end": { "line": 23, "column": 66 }
            },
            "23": {
                "start": { "line": 24, "column": 0 },
                "end": { "line": 24, "column": 39 }
            },
            "24": {
                "start": { "line": 25, "column": 0 },
                "end": { "line": 25, "column": 17 }
            },
            "25": {
                "start": { "line": 26, "column": 0 },
                "end": { "line": 26, "column": 78 }
            },
            "26": {
                "start": { "line": 27, "column": 0 },
                "end": { "line": 27, "column": 50 }
            },
            "27": {
                "start": { "line": 28, "column": 0 },
                "end": { "line": 28, "column": 27 }
            },
            "28": {
                "start": { "line": 29, "column": 0 },
                "end": { "line": 29, "column": 28 }
            },
            "29": {
                "start": { "line": 30, "column": 0 },
                "end": { "line": 30, "column": 31 }
            },
            "30": {
                "start": { "line": 31, "column": 0 },
                "end": { "line": 31, "column": 87 }
            },
            "31": {
                "start": { "line": 32, "column": 0 },
                "end": { "line": 32, "column": 29 }
            },
            "33": {
                "start": { "line": 34, "column": 0 },
                "end": { "line": 34, "column": 33 }
            },
            "34": {
                "start": { "line": 35, "column": 0 },
                "end": { "line": 35, "column": 31 }
            },
            "35": {
                "start": { "line": 36, "column": 0 },
                "end": { "line": 36, "column": 88 }
            },
            "36": {
                "start": { "line": 37, "column": 0 },
                "end": { "line": 37, "column": 29 }
            },
            "38": {
                "start": { "line": 39, "column": 0 },
                "end": { "line": 39, "column": 33 }
            },
            "39": {
                "start": { "line": 40, "column": 0 },
                "end": { "line": 40, "column": 29 }
            },
            "40": {
                "start": { "line": 41, "column": 0 },
                "end": { "line": 41, "column": 28 }
            },
            "41": {
                "start": { "line": 42, "column": 0 },
                "end": { "line": 42, "column": 27 }
            },
            "42": {
                "start": { "line": 43, "column": 0 },
                "end": { "line": 43, "column": 27 }
            },
            "43": {
                "start": { "line": 44, "column": 0 },
                "end": { "line": 44, "column": 71 }
            },
            "44": {
                "start": { "line": 45, "column": 0 },
                "end": { "line": 45, "column": 43 }
            },
            "46": {
                "start": { "line": 47, "column": 0 },
                "end": { "line": 47, "column": 76 }
            },
            "47": {
                "start": { "line": 48, "column": 0 },
                "end": { "line": 48, "column": 72 }
            },
            "48": {
                "start": { "line": 49, "column": 0 },
                "end": { "line": 49, "column": 33 }
            },
            "49": {
                "start": { "line": 50, "column": 0 },
                "end": { "line": 50, "column": 31 }
            },
            "50": {
                "start": { "line": 51, "column": 0 },
                "end": { "line": 51, "column": 88 }
            },
            "52": {
                "start": { "line": 53, "column": 0 },
                "end": { "line": 53, "column": 50 }
            },
            "53": {
                "start": { "line": 54, "column": 0 },
                "end": { "line": 54, "column": 33 }
            },
            "54": {
                "start": { "line": 55, "column": 0 },
                "end": { "line": 55, "column": 29 }
            },
            "55": {
                "start": { "line": 56, "column": 0 },
                "end": { "line": 56, "column": 28 }
            },
            "56": {
                "start": { "line": 57, "column": 0 },
                "end": { "line": 57, "column": 24 }
            },
            "57": {
                "start": { "line": 58, "column": 0 },
                "end": { "line": 58, "column": 18 }
            },
            "59": {
                "start": { "line": 60, "column": 0 },
                "end": { "line": 60, "column": 38 }
            },
            "60": {
                "start": { "line": 61, "column": 0 },
                "end": { "line": 61, "column": 17 }
            },
            "61": {
                "start": { "line": 62, "column": 0 },
                "end": { "line": 62, "column": 79 }
            },
            "62": {
                "start": { "line": 63, "column": 0 },
                "end": { "line": 63, "column": 50 }
            },
            "63": {
                "start": { "line": 64, "column": 0 },
                "end": { "line": 64, "column": 27 }
            },
            "64": {
                "start": { "line": 65, "column": 0 },
                "end": { "line": 65, "column": 28 }
            },
            "65": {
                "start": { "line": 66, "column": 0 },
                "end": { "line": 66, "column": 31 }
            },
            "66": {
                "start": { "line": 67, "column": 0 },
                "end": { "line": 67, "column": 87 }
            },
            "67": {
                "start": { "line": 68, "column": 0 },
                "end": { "line": 68, "column": 29 }
            },
            "69": {
                "start": { "line": 70, "column": 0 },
                "end": { "line": 70, "column": 33 }
            },
            "70": {
                "start": { "line": 71, "column": 0 },
                "end": { "line": 71, "column": 31 }
            },
            "71": {
                "start": { "line": 72, "column": 0 },
                "end": { "line": 72, "column": 88 }
            },
            "72": {
                "start": { "line": 73, "column": 0 },
                "end": { "line": 73, "column": 29 }
            },
            "74": {
                "start": { "line": 75, "column": 0 },
                "end": { "line": 75, "column": 33 }
            },
            "75": {
                "start": { "line": 76, "column": 0 },
                "end": { "line": 76, "column": 29 }
            },
            "76": {
                "start": { "line": 77, "column": 0 },
                "end": { "line": 77, "column": 28 }
            },
            "77": {
                "start": { "line": 78, "column": 0 },
                "end": { "line": 78, "column": 27 }
            },
            "78": {
                "start": { "line": 79, "column": 0 },
                "end": { "line": 79, "column": 27 }
            },
            "79": {
                "start": { "line": 80, "column": 0 },
                "end": { "line": 80, "column": 70 }
            },
            "80": {
                "start": { "line": 81, "column": 0 },
                "end": { "line": 81, "column": 43 }
            },
            "82": {
                "start": { "line": 83, "column": 0 },
                "end": { "line": 83, "column": 80 }
            },
            "83": {
                "start": { "line": 84, "column": 0 },
                "end": { "line": 84, "column": 72 }
            },
            "84": {
                "start": { "line": 85, "column": 0 },
                "end": { "line": 85, "column": 33 }
            },
            "85": {
                "start": { "line": 86, "column": 0 },
                "end": { "line": 86, "column": 31 }
            },
            "86": {
                "start": { "line": 87, "column": 0 },
                "end": { "line": 87, "column": 88 }
            },
            "88": {
                "start": { "line": 89, "column": 0 },
                "end": { "line": 89, "column": 50 }
            },
            "89": {
                "start": { "line": 90, "column": 0 },
                "end": { "line": 90, "column": 33 }
            },
            "90": {
                "start": { "line": 91, "column": 0 },
                "end": { "line": 91, "column": 29 }
            },
            "91": {
                "start": { "line": 92, "column": 0 },
                "end": { "line": 92, "column": 28 }
            },
            "92": {
                "start": { "line": 93, "column": 0 },
                "end": { "line": 93, "column": 24 }
            },
            "93": {
                "start": { "line": 94, "column": 0 },
                "end": { "line": 94, "column": 18 }
            },
            "94": {
                "start": { "line": 95, "column": 0 },
                "end": { "line": 95, "column": 14 }
            },
            "95": {
                "start": { "line": 96, "column": 0 },
                "end": { "line": 96, "column": 10 }
            },
            "99": {
                "start": { "line": 100, "column": 0 },
                "end": { "line": 100, "column": 49 }
            },
            "100": {
                "start": { "line": 101, "column": 0 },
                "end": { "line": 101, "column": 44 }
            },
            "102": {
                "start": { "line": 103, "column": 0 },
                "end": { "line": 103, "column": 37 }
            },
            "103": {
                "start": { "line": 104, "column": 0 },
                "end": { "line": 104, "column": 49 }
            },
            "105": {
                "start": { "line": 106, "column": 0 },
                "end": { "line": 106, "column": 25 }
            },
            "106": {
                "start": { "line": 107, "column": 0 },
                "end": { "line": 107, "column": 53 }
            },
            "107": {
                "start": { "line": 108, "column": 0 },
                "end": { "line": 108, "column": 2 }
            },
            "109": {
                "start": { "line": 110, "column": 0 },
                "end": { "line": 110, "column": 17 }
            },
            "110": {
                "start": { "line": 111, "column": 0 },
                "end": { "line": 111, "column": 16 }
            },
            "111": {
                "start": { "line": 112, "column": 0 },
                "end": { "line": 112, "column": 3 }
            },
            "113": {
                "start": { "line": 114, "column": 0 },
                "end": { "line": 114, "column": 29 }
            },
            "114": {
                "start": { "line": 115, "column": 0 },
                "end": { "line": 115, "column": 16 }
            },
            "115": {
                "start": { "line": 116, "column": 0 },
                "end": { "line": 116, "column": 3 }
            }
        },
        "s": {
            "0": 0,
            "1": 0,
            "2": 0,
            "3": 0,
            "5": 0,
            "6": 0,
            "7": 0,
            "8": 0,
            "9": 0,
            "11": 0,
            "12": 0,
            "13": 0,
            "14": 0,
            "16": 0,
            "17": 0,
            "18": 0,
            "19": 0,
            "21": 0,
            "22": 0,
            "23": 0,
            "24": 0,
            "25": 0,
            "26": 0,
            "27": 0,
            "28": 0,
            "29": 0,
            "30": 0,
            "31": 0,
            "33": 0,
            "34": 0,
            "35": 0,
            "36": 0,
            "38": 0,
            "39": 0,
            "40": 0,
            "41": 0,
            "42": 0,
            "43": 0,
            "44": 0,
            "46": 0,
            "47": 0,
            "48": 0,
            "49": 0,
            "50": 0,
            "52": 0,
            "53": 0,
            "54": 0,
            "55": 0,
            "56": 0,
            "57": 0,
            "59": 0,
            "60": 0,
            "61": 0,
            "62": 0,
            "63": 0,
            "64": 0,
            "65": 0,
            "66": 0,
            "67": 0,
            "69": 0,
            "70": 0,
            "71": 0,
            "72": 0,
            "74": 0,
            "75": 0,
            "76": 0,
            "77": 0,
            "78": 0,
            "79": 0,
            "80": 0,
            "82": 0,
            "83": 0,
            "84": 0,
            "85": 0,
            "86": 0,
            "88": 0,
            "89": 0,
            "90": 0,
            "91": 0,
            "92": 0,
            "93": 0,
            "94": 0,
            "95": 0,
            "99": 0,
            "100": 0,
            "102": 0,
            "103": 0,
            "105": 0,
            "106": 0,
            "107": 0,
            "109": 0,
            "110": 0,
            "111": 0,
            "113": 0,
            "114": 0,
            "115": 0
        },
        "branchMap": {
            "0": {
                "type": "branch",
                "line": 1,
                "loc": {
                    "start": { "line": 1, "column": 0 },
                    "end": { "line": 117, "column": -3257 }
                },
                "locations": [
                    {
                        "start": { "line": 1, "column": 0 },
                        "end": { "line": 117, "column": -3257 }
                    }
                ]
            }
        },
        "b": { "0": [0] },
        "fnMap": {
            "0": {
                "name": "(empty-report)",
                "decl": {
                    "start": { "line": 1, "column": 0 },
                    "end": { "line": 117, "column": -3257 }
                },
                "loc": {
                    "start": { "line": 1, "column": 0 },
                    "end": { "line": 117, "column": -3257 }
                },
                "line": 1
            }
        },
        "f": { "0": 0 }
    },
    "/Users/rsa/lab/exchange-mini/resources/js/components/OrderForm.vue": {
        "path": "/Users/rsa/lab/exchange-mini/resources/js/components/OrderForm.vue",
        "all": true,
        "statementMap": {
            "0": {
                "start": { "line": 1, "column": 0 },
                "end": { "line": 1, "column": 10 }
            },
            "1": {
                "start": { "line": 2, "column": 0 },
                "end": { "line": 2, "column": 68 }
            },
            "2": {
                "start": { "line": 3, "column": 0 },
                "end": { "line": 3, "column": 77 }
            },
            "4": {
                "start": { "line": 5, "column": 0 },
                "end": { "line": 5, "column": 13 }
            },
            "5": {
                "start": { "line": 6, "column": 0 },
                "end": { "line": 6, "column": 67 }
            },
            "6": {
                "start": { "line": 7, "column": 0 },
                "end": { "line": 7, "column": 17 }
            },
            "7": {
                "start": { "line": 8, "column": 0 },
                "end": { "line": 8, "column": 22 }
            },
            "8": {
                "start": { "line": 9, "column": 0 },
                "end": { "line": 9, "column": 32 }
            },
            "9": {
                "start": { "line": 10, "column": 0 },
                "end": { "line": 10, "column": 86 }
            },
            "10": {
                "start": { "line": 11, "column": 0 },
                "end": { "line": 11, "column": 34 }
            },
            "11": {
                "start": { "line": 12, "column": 0 },
                "end": { "line": 12, "column": 17 }
            },
            "12": {
                "start": { "line": 13, "column": 0 },
                "end": { "line": 13, "column": 23 }
            },
            "13": {
                "start": { "line": 14, "column": 0 },
                "end": { "line": 14, "column": 41 }
            },
            "14": {
                "start": { "line": 15, "column": 0 },
                "end": { "line": 15, "column": 31 }
            },
            "15": {
                "start": { "line": 16, "column": 0 },
                "end": { "line": 16, "column": 28 }
            },
            "16": {
                "start": { "line": 17, "column": 0 },
                "end": { "line": 17, "column": 172 }
            },
            "18": {
                "start": { "line": 19, "column": 0 },
                "end": { "line": 19, "column": 52 }
            },
            "19": {
                "start": { "line": 20, "column": 0 },
                "end": { "line": 20, "column": 52 }
            },
            "20": {
                "start": { "line": 21, "column": 0 },
                "end": { "line": 21, "column": 25 }
            },
            "21": {
                "start": { "line": 22, "column": 0 },
                "end": { "line": 22, "column": 18 }
            },
            "23": {
                "start": { "line": 24, "column": 0 },
                "end": { "line": 24, "column": 17 }
            },
            "24": {
                "start": { "line": 25, "column": 0 },
                "end": { "line": 25, "column": 22 }
            },
            "25": {
                "start": { "line": 26, "column": 0 },
                "end": { "line": 26, "column": 30 }
            },
            "26": {
                "start": { "line": 27, "column": 0 },
                "end": { "line": 27, "column": 86 }
            },
            "27": {
                "start": { "line": 28, "column": 0 },
                "end": { "line": 28, "column": 32 }
            },
            "28": {
                "start": { "line": 29, "column": 0 },
                "end": { "line": 29, "column": 17 }
            },
            "29": {
                "start": { "line": 30, "column": 0 },
                "end": { "line": 30, "column": 23 }
            },
            "30": {
                "start": { "line": 31, "column": 0 },
                "end": { "line": 31, "column": 39 }
            },
            "31": {
                "start": { "line": 32, "column": 0 },
                "end": { "line": 32, "column": 29 }
            },
            "32": {
                "start": { "line": 33, "column": 0 },
                "end": { "line": 33, "column": 28 }
            },
            "33": {
                "start": { "line": 34, "column": 0 },
                "end": { "line": 34, "column": 172 }
            },
            "35": {
                "start": { "line": 36, "column": 0 },
                "end": { "line": 36, "column": 52 }
            },
            "36": {
                "start": { "line": 37, "column": 0 },
                "end": { "line": 37, "column": 54 }
            },
            "37": {
                "start": { "line": 38, "column": 0 },
                "end": { "line": 38, "column": 25 }
            },
            "38": {
                "start": { "line": 39, "column": 0 },
                "end": { "line": 39, "column": 18 }
            },
            "40": {
                "start": { "line": 41, "column": 0 },
                "end": { "line": 41, "column": 17 }
            },
            "41": {
                "start": { "line": 42, "column": 0 },
                "end": { "line": 42, "column": 22 }
            },
            "42": {
                "start": { "line": 43, "column": 0 },
                "end": { "line": 43, "column": 31 }
            },
            "43": {
                "start": { "line": 44, "column": 0 },
                "end": { "line": 44, "column": 86 }
            },
            "44": {
                "start": { "line": 45, "column": 0 },
                "end": { "line": 45, "column": 39 }
            },
            "45": {
                "start": { "line": 46, "column": 0 },
                "end": { "line": 46, "column": 17 }
            },
            "46": {
                "start": { "line": 47, "column": 0 },
                "end": { "line": 47, "column": 22 }
            },
            "47": {
                "start": { "line": 48, "column": 0 },
                "end": { "line": 48, "column": 40 }
            },
            "48": {
                "start": { "line": 49, "column": 0 },
                "end": { "line": 49, "column": 33 }
            },
            "49": {
                "start": { "line": 50, "column": 0 },
                "end": { "line": 50, "column": 30 }
            },
            "50": {
                "start": { "line": 51, "column": 0 },
                "end": { "line": 51, "column": 31 }
            },
            "51": {
                "start": { "line": 52, "column": 0 },
                "end": { "line": 52, "column": 28 }
            },
            "52": {
                "start": { "line": 53, "column": 0 },
                "end": { "line": 53, "column": 172 }
            },
            "53": {
                "start": { "line": 54, "column": 0 },
                "end": { "line": 54, "column": 18 }
            },
            "54": {
                "start": { "line": 55, "column": 0 },
                "end": { "line": 55, "column": 18 }
            },
            "56": {
                "start": { "line": 57, "column": 0 },
                "end": { "line": 57, "column": 17 }
            },
            "57": {
                "start": { "line": 58, "column": 0 },
                "end": { "line": 58, "column": 22 }
            },
            "58": {
                "start": { "line": 59, "column": 0 },
                "end": { "line": 59, "column": 32 }
            },
            "59": {
                "start": { "line": 60, "column": 0 },
                "end": { "line": 60, "column": 86 }
            },
            "60": {
                "start": { "line": 61, "column": 0 },
                "end": { "line": 61, "column": 34 }
            },
            "61": {
                "start": { "line": 62, "column": 0 },
                "end": { "line": 62, "column": 17 }
            },
            "62": {
                "start": { "line": 63, "column": 0 },
                "end": { "line": 63, "column": 22 }
            },
            "63": {
                "start": { "line": 64, "column": 0 },
                "end": { "line": 64, "column": 41 }
            },
            "64": {
                "start": { "line": 65, "column": 0 },
                "end": { "line": 65, "column": 33 }
            },
            "65": {
                "start": { "line": 66, "column": 0 },
                "end": { "line": 66, "column": 31 }
            },
            "66": {
                "start": { "line": 67, "column": 0 },
                "end": { "line": 67, "column": 33 }
            },
            "67": {
                "start": { "line": 68, "column": 0 },
                "end": { "line": 68, "column": 28 }
            },
            "68": {
                "start": { "line": 69, "column": 0 },
                "end": { "line": 69, "column": 172 }
            },
            "69": {
                "start": { "line": 70, "column": 0 },
                "end": { "line": 70, "column": 18 }
            },
            "70": {
                "start": { "line": 71, "column": 0 },
                "end": { "line": 71, "column": 18 }
            },
            "72": {
                "start": { "line": 73, "column": 0 },
                "end": { "line": 73, "column": 71 }
            },
            "73": {
                "start": { "line": 74, "column": 0 },
                "end": { "line": 74, "column": 39 }
            },
            "74": {
                "start": { "line": 75, "column": 0 },
                "end": { "line": 75, "column": 18 }
            },
            "76": {
                "start": { "line": 77, "column": 0 },
                "end": { "line": 77, "column": 70 }
            },
            "77": {
                "start": { "line": 78, "column": 0 },
                "end": { "line": 78, "column": 36 }
            },
            "78": {
                "start": { "line": 79, "column": 0 },
                "end": { "line": 79, "column": 18 }
            },
            "80": {
                "start": { "line": 81, "column": 0 },
                "end": { "line": 81, "column": 19 }
            },
            "81": {
                "start": { "line": 82, "column": 0 },
                "end": { "line": 82, "column": 29 }
            },
            "82": {
                "start": { "line": 83, "column": 0 },
                "end": { "line": 83, "column": 127 }
            },
            "83": {
                "start": { "line": 84, "column": 0 },
                "end": { "line": 84, "column": 13 }
            },
            "85": {
                "start": { "line": 86, "column": 0 },
                "end": { "line": 86, "column": 21 }
            },
            "86": {
                "start": { "line": 87, "column": 0 },
                "end": { "line": 87, "column": 15 }
            },
            "87": {
                "start": { "line": 88, "column": 0 },
                "end": { "line": 88, "column": 10 }
            },
            "91": {
                "start": { "line": 92, "column": 0 },
                "end": { "line": 92, "column": 49 }
            },
            "93": {
                "start": { "line": 94, "column": 0 },
                "end": { "line": 94, "column": 26 }
            },
            "95": {
                "start": { "line": 96, "column": 0 },
                "end": { "line": 96, "column": 37 }
            },
            "96": {
                "start": { "line": 97, "column": 0 },
                "end": { "line": 97, "column": 28 }
            },
            "97": {
                "start": { "line": 98, "column": 0 },
                "end": { "line": 98, "column": 18 }
            },
            "98": {
                "start": { "line": 99, "column": 0 },
                "end": { "line": 99, "column": 16 }
            },
            "99": {
                "start": { "line": 100, "column": 0 },
                "end": { "line": 100, "column": 14 }
            },
            "100": {
                "start": { "line": 101, "column": 0 },
                "end": { "line": 101, "column": 15 }
            },
            "101": {
                "start": { "line": 102, "column": 0 },
                "end": { "line": 102, "column": 3 }
            },
            "102": {
                "start": { "line": 103, "column": 0 },
                "end": { "line": 103, "column": 39 }
            },
            "104": {
                "start": { "line": 105, "column": 0 },
                "end": { "line": 105, "column": 38 }
            },
            "105": {
                "start": { "line": 106, "column": 0 },
                "end": { "line": 106, "column": 30 }
            },
            "106": {
                "start": { "line": 107, "column": 0 },
                "end": { "line": 107, "column": 9 }
            },
            "107": {
                "start": { "line": 108, "column": 0 },
                "end": { "line": 108, "column": 50 }
            },
            "108": {
                "start": { "line": 109, "column": 0 },
                "end": { "line": 109, "column": 60 }
            },
            "110": {
                "start": { "line": 111, "column": 0 },
                "end": { "line": 111, "column": 30 }
            },
            "111": {
                "start": { "line": 112, "column": 0 },
                "end": { "line": 112, "column": 31 }
            },
            "112": {
                "start": { "line": 113, "column": 0 },
                "end": { "line": 113, "column": 60 }
            },
            "113": {
                "start": { "line": 114, "column": 0 },
                "end": { "line": 114, "column": 21 }
            },
            "115": {
                "start": { "line": 116, "column": 0 },
                "end": { "line": 116, "column": 55 }
            },
            "116": {
                "start": { "line": 117, "column": 0 },
                "end": { "line": 117, "column": 5 }
            },
            "117": {
                "start": { "line": 118, "column": 0 },
                "end": { "line": 118, "column": 2 }
            }
        },
        "s": {
            "0": 0,
            "1": 0,
            "2": 0,
            "4": 0,
            "5": 0,
            "6": 0,
            "7": 0,
            "8": 0,
            "9": 0,
            "10": 0,
            "11": 0,
            "12": 0,
            "13": 0,
            "14": 0,
            "15": 0,
            "16": 0,
            "18": 0,
            "19": 0,
            "20": 0,
            "21": 0,
            "23": 0,
            "24": 0,
            "25": 0,
            "26": 0,
            "27": 0,
            "28": 0,
            "29": 0,
            "30": 0,
            "31": 0,
            "32": 0,
            "33": 0,
            "35": 0,
            "36": 0,
            "37": 0,
            "38": 0,
            "40": 0,
            "41": 0,
            "42": 0,
            "43": 0,
            "44": 0,
            "45": 0,
            "46": 0,
            "47": 0,
            "48": 0,
            "49": 0,
            "50": 0,
            "51": 0,
            "52": 0,
            "53": 0,
            "54": 0,
            "56": 0,
            "57": 0,
            "58": 0,
            "59": 0,
            "60": 0,
            "61": 0,
            "62": 0,
            "63": 0,
            "64": 0,
            "65": 0,
            "66": 0,
            "67": 0,
            "68": 0,
            "69": 0,
            "70": 0,
            "72": 0,
            "73": 0,
            "74": 0,
            "76": 0,
            "77": 0,
            "78": 0,
            "80": 0,
            "81": 0,
            "82": 0,
            "83": 0,
            "85": 0,
            "86": 0,
            "87": 0,
            "91": 0,
            "93": 0,
            "95": 0,
            "96": 0,
            "97": 0,
            "98": 0,
            "99": 0,
            "100": 0,
            "101": 0,
            "102": 0,
            "104": 0,
            "105": 0,
            "106": 0,
            "107": 0,
            "108": 0,
            "110": 0,
            "111": 0,
            "112": 0,
            "113": 0,
            "115": 0,
            "116": 0,
            "117": 0
        },
        "branchMap": {
            "0": {
                "type": "branch",
                "line": 1,
                "loc": {
                    "start": { "line": 1, "column": 0 },
                    "end": { "line": 119, "column": -2616 }
                },
                "locations": [
                    {
                        "start": { "line": 1, "column": 0 },
                        "end": { "line": 119, "column": -2616 }
                    }
                ]
            }
        },
        "b": { "0": [0] },
        "fnMap": {
            "0": {
                "name": "(empty-report)",
                "decl": {
                    "start": { "line": 1, "column": 0 },
                    "end": { "line": 119, "column": -2616 }
                },
                "loc": {
                    "start": { "line": 1, "column": 0 },
                    "end": { "line": 119, "column": -2616 }
                },
                "line": 1
            }
        },
        "f": { "0": 0 }
    },
    "/Users/rsa/lab/exchange-mini/resources/js/components/UserOrders.vue": {
        "path": "/Users/rsa/lab/exchange-mini/resources/js/components/UserOrders.vue",
        "all": true,
        "statementMap": {
            "0": {
                "start": { "line": 1, "column": 0 },
                "end": { "line": 1, "column": 10 }
            },
            "1": {
                "start": { "line": 2, "column": 0 },
                "end": { "line": 2, "column": 68 }
            },
            "2": {
                "start": { "line": 3, "column": 0 },
                "end": { "line": 3, "column": 77 }
            },
            "4": {
                "start": { "line": 5, "column": 0 },
                "end": { "line": 5, "column": 13 }
            },
            "5": {
                "start": { "line": 6, "column": 0 },
                "end": { "line": 6, "column": 12 }
            },
            "6": {
                "start": { "line": 7, "column": 0 },
                "end": { "line": 7, "column": 38 }
            },
            "7": {
                "start": { "line": 8, "column": 0 },
                "end": { "line": 8, "column": 64 }
            },
            "8": {
                "start": { "line": 9, "column": 0 },
                "end": { "line": 9, "column": 9 }
            },
            "10": {
                "start": { "line": 11, "column": 0 },
                "end": { "line": 11, "column": 14 }
            },
            "11": {
                "start": { "line": 12, "column": 0 },
                "end": { "line": 12, "column": 12 }
            },
            "12": {
                "start": { "line": 13, "column": 0 },
                "end": { "line": 13, "column": 54 }
            },
            "13": {
                "start": { "line": 14, "column": 0 },
                "end": { "line": 14, "column": 64 }
            },
            "14": {
                "start": { "line": 15, "column": 0 },
                "end": { "line": 15, "column": 9 }
            },
            "16": {
                "start": { "line": 17, "column": 0 },
                "end": { "line": 17, "column": 14 }
            },
            "17": {
                "start": { "line": 18, "column": 0 },
                "end": { "line": 18, "column": 44 }
            },
            "18": {
                "start": { "line": 19, "column": 0 },
                "end": { "line": 19, "column": 18 }
            },
            "19": {
                "start": { "line": 20, "column": 0 },
                "end": { "line": 20, "column": 80 }
            },
            "21": {
                "start": { "line": 22, "column": 0 },
                "end": { "line": 22, "column": 59 }
            },
            "22": {
                "start": { "line": 23, "column": 0 },
                "end": { "line": 23, "column": 24 }
            },
            "23": {
                "start": { "line": 24, "column": 0 },
                "end": { "line": 24, "column": 27 }
            },
            "24": {
                "start": { "line": 25, "column": 0 },
                "end": { "line": 25, "column": 133 }
            },
            "25": {
                "start": { "line": 26, "column": 0 },
                "end": { "line": 26, "column": 25 }
            },
            "27": {
                "start": { "line": 28, "column": 0 },
                "end": { "line": 28, "column": 29 }
            },
            "28": {
                "start": { "line": 29, "column": 0 },
                "end": { "line": 29, "column": 27 }
            },
            "29": {
                "start": { "line": 30, "column": 0 },
                "end": { "line": 30, "column": 133 }
            },
            "30": {
                "start": { "line": 31, "column": 0 },
                "end": { "line": 31, "column": 25 }
            },
            "32": {
                "start": { "line": 33, "column": 0 },
                "end": { "line": 33, "column": 29 }
            },
            "33": {
                "start": { "line": 34, "column": 0 },
                "end": { "line": 34, "column": 27 }
            },
            "34": {
                "start": { "line": 35, "column": 0 },
                "end": { "line": 35, "column": 133 }
            },
            "35": {
                "start": { "line": 36, "column": 0 },
                "end": { "line": 36, "column": 25 }
            },
            "37": {
                "start": { "line": 38, "column": 0 },
                "end": { "line": 38, "column": 29 }
            },
            "38": {
                "start": { "line": 39, "column": 0 },
                "end": { "line": 39, "column": 27 }
            },
            "39": {
                "start": { "line": 40, "column": 0 },
                "end": { "line": 40, "column": 133 }
            },
            "40": {
                "start": { "line": 41, "column": 0 },
                "end": { "line": 41, "column": 25 }
            },
            "42": {
                "start": { "line": 43, "column": 0 },
                "end": { "line": 43, "column": 29 }
            },
            "43": {
                "start": { "line": 44, "column": 0 },
                "end": { "line": 44, "column": 27 }
            },
            "44": {
                "start": { "line": 45, "column": 0 },
                "end": { "line": 45, "column": 133 }
            },
            "45": {
                "start": { "line": 46, "column": 0 },
                "end": { "line": 46, "column": 25 }
            },
            "47": {
                "start": { "line": 48, "column": 0 },
                "end": { "line": 48, "column": 29 }
            },
            "48": {
                "start": { "line": 49, "column": 0 },
                "end": { "line": 49, "column": 27 }
            },
            "49": {
                "start": { "line": 50, "column": 0 },
                "end": { "line": 50, "column": 133 }
            },
            "50": {
                "start": { "line": 51, "column": 0 },
                "end": { "line": 51, "column": 25 }
            },
            "52": {
                "start": { "line": 53, "column": 0 },
                "end": { "line": 53, "column": 29 }
            },
            "53": {
                "start": { "line": 54, "column": 0 },
                "end": { "line": 54, "column": 25 }
            },
            "54": {
                "start": { "line": 55, "column": 0 },
                "end": { "line": 55, "column": 24 }
            },
            "55": {
                "start": { "line": 56, "column": 0 },
                "end": { "line": 56, "column": 22 }
            },
            "56": {
                "start": { "line": 57, "column": 0 },
                "end": { "line": 57, "column": 99 }
            },
            "58": {
                "start": { "line": 59, "column": 0 },
                "end": { "line": 59, "column": 80 }
            },
            "59": {
                "start": { "line": 60, "column": 0 },
                "end": { "line": 60, "column": 27 }
            },
            "60": {
                "start": { "line": 61, "column": 0 },
                "end": { "line": 61, "column": 101 }
            },
            "62": {
                "start": { "line": 63, "column": 0 },
                "end": { "line": 63, "column": 46 }
            },
            "63": {
                "start": { "line": 64, "column": 0 },
                "end": { "line": 64, "column": 29 }
            },
            "64": {
                "start": { "line": 65, "column": 0 },
                "end": { "line": 65, "column": 27 }
            },
            "65": {
                "start": { "line": 66, "column": 0 },
                "end": { "line": 66, "column": 71 }
            },
            "66": {
                "start": { "line": 67, "column": 0 },
                "end": { "line": 67, "column": 36 }
            },
            "72": {
                "start": { "line": 73, "column": 0 },
                "end": { "line": 73, "column": 44 }
            },
            "73": {
                "start": { "line": 74, "column": 0 },
                "end": { "line": 74, "column": 29 }
            },
            "74": {
                "start": { "line": 75, "column": 0 },
                "end": { "line": 75, "column": 27 }
            },
            "75": {
                "start": { "line": 76, "column": 0 },
                "end": { "line": 76, "column": 104 }
            },
            "77": {
                "start": { "line": 78, "column": 0 },
                "end": { "line": 78, "column": 45 }
            },
            "78": {
                "start": { "line": 79, "column": 0 },
                "end": { "line": 79, "column": 29 }
            },
            "79": {
                "start": { "line": 80, "column": 0 },
                "end": { "line": 80, "column": 27 }
            },
            "80": {
                "start": { "line": 81, "column": 0 },
                "end": { "line": 81, "column": 104 }
            },
            "82": {
                "start": { "line": 83, "column": 0 },
                "end": { "line": 83, "column": 46 }
            },
            "83": {
                "start": { "line": 84, "column": 0 },
                "end": { "line": 84, "column": 29 }
            },
            "84": {
                "start": { "line": 85, "column": 0 },
                "end": { "line": 85, "column": 27 }
            },
            "85": {
                "start": { "line": 86, "column": 0 },
                "end": { "line": 86, "column": 104 }
            },
            "87": {
                "start": { "line": 88, "column": 0 },
                "end": { "line": 88, "column": 58 }
            },
            "88": {
                "start": { "line": 89, "column": 0 },
                "end": { "line": 89, "column": 29 }
            },
            "89": {
                "start": { "line": 90, "column": 0 },
                "end": { "line": 90, "column": 27 }
            },
            "90": {
                "start": { "line": 91, "column": 0 },
                "end": { "line": 91, "column": 104 }
            },
            "92": {
                "start": { "line": 93, "column": 0 },
                "end": { "line": 93, "column": 35 }
            },
            "93": {
                "start": { "line": 94, "column": 0 },
                "end": { "line": 94, "column": 57 }
            },
            "94": {
                "start": { "line": 95, "column": 0 },
                "end": { "line": 95, "column": 74 }
            },
            "95": {
                "start": { "line": 96, "column": 0 },
                "end": { "line": 96, "column": 71 }
            },
            "96": {
                "start": { "line": 97, "column": 0 },
                "end": { "line": 97, "column": 29 }
            },
            "98": {
                "start": { "line": 99, "column": 0 },
                "end": { "line": 99, "column": 37 }
            },
            "99": {
                "start": { "line": 100, "column": 0 },
                "end": { "line": 100, "column": 29 }
            },
            "100": {
                "start": { "line": 101, "column": 0 },
                "end": { "line": 101, "column": 25 }
            },
            "101": {
                "start": { "line": 102, "column": 0 },
                "end": { "line": 102, "column": 24 }
            },
            "102": {
                "start": { "line": 103, "column": 0 },
                "end": { "line": 103, "column": 20 }
            },
            "103": {
                "start": { "line": 104, "column": 0 },
                "end": { "line": 104, "column": 14 }
            },
            "104": {
                "start": { "line": 105, "column": 0 },
                "end": { "line": 105, "column": 10 }
            },
            "108": {
                "start": { "line": 109, "column": 0 },
                "end": { "line": 109, "column": 49 }
            },
            "109": {
                "start": { "line": 110, "column": 0 },
                "end": { "line": 110, "column": 32 }
            },
            "111": {
                "start": { "line": 112, "column": 0 },
                "end": { "line": 112, "column": 37 }
            },
            "113": {
                "start": { "line": 114, "column": 0 },
                "end": { "line": 114, "column": 43 }
            },
            "114": {
                "start": { "line": 115, "column": 0 },
                "end": { "line": 115, "column": 17 }
            },
            "115": {
                "start": { "line": 116, "column": 0 },
                "end": { "line": 116, "column": 18 }
            },
            "116": {
                "start": { "line": 117, "column": 0 },
                "end": { "line": 117, "column": 20 }
            },
            "117": {
                "start": { "line": 118, "column": 0 },
                "end": { "line": 118, "column": 23 }
            },
            "118": {
                "start": { "line": 119, "column": 0 },
                "end": { "line": 119, "column": 6 }
            },
            "119": {
                "start": { "line": 120, "column": 0 },
                "end": { "line": 120, "column": 23 }
            },
            "120": {
                "start": { "line": 121, "column": 0 },
                "end": { "line": 121, "column": 2 }
            },
            "122": {
                "start": { "line": 123, "column": 0 },
                "end": { "line": 123, "column": 17 }
            },
            "123": {
                "start": { "line": 124, "column": 0 },
                "end": { "line": 124, "column": 34 }
            },
            "124": {
                "start": { "line": 125, "column": 0 },
                "end": { "line": 125, "column": 3 }
            }
        },
        "s": {
            "0": 0,
            "1": 0,
            "2": 0,
            "4": 0,
            "5": 0,
            "6": 0,
            "7": 0,
            "8": 0,
            "10": 0,
            "11": 0,
            "12": 0,
            "13": 0,
            "14": 0,
            "16": 0,
            "17": 0,
            "18": 0,
            "19": 0,
            "21": 0,
            "22": 0,
            "23": 0,
            "24": 0,
            "25": 0,
            "27": 0,
            "28": 0,
            "29": 0,
            "30": 0,
            "32": 0,
            "33": 0,
            "34": 0,
            "35": 0,
            "37": 0,
            "38": 0,
            "39": 0,
            "40": 0,
            "42": 0,
            "43": 0,
            "44": 0,
            "45": 0,
            "47": 0,
            "48": 0,
            "49": 0,
            "50": 0,
            "52": 0,
            "53": 0,
            "54": 0,
            "55": 0,
            "56": 0,
            "58": 0,
            "59": 0,
            "60": 0,
            "62": 0,
            "63": 0,
            "64": 0,
            "65": 0,
            "66": 0,
            "72": 0,
            "73": 0,
            "74": 0,
            "75": 0,
            "77": 0,
            "78": 0,
            "79": 0,
            "80": 0,
            "82": 0,
            "83": 0,
            "84": 0,
            "85": 0,
            "87": 0,
            "88": 0,
            "89": 0,
            "90": 0,
            "92": 0,
            "93": 0,
            "94": 0,
            "95": 0,
            "96": 0,
            "98": 0,
            "99": 0,
            "100": 0,
            "101": 0,
            "102": 0,
            "103": 0,
            "104": 0,
            "108": 0,
            "109": 0,
            "111": 0,
            "113": 0,
            "114": 0,
            "115": 0,
            "116": 0,
            "117": 0,
            "118": 0,
            "119": 0,
            "120": 0,
            "122": 0,
            "123": 0,
            "124": 0
        },
        "branchMap": {
            "0": {
                "type": "branch",
                "line": 1,
                "loc": {
                    "start": { "line": 1, "column": 0 },
                    "end": { "line": 126, "column": -427 }
                },
                "locations": [
                    {
                        "start": { "line": 1, "column": 0 },
                        "end": { "line": 126, "column": -427 }
                    }
                ]
            }
        },
        "b": { "0": [0] },
        "fnMap": {
            "0": {
                "name": "(empty-report)",
                "decl": {
                    "start": { "line": 1, "column": 0 },
                    "end": { "line": 126, "column": -427 }
                },
                "loc": {
                    "start": { "line": 1, "column": 0 },
                    "end": { "line": 126, "column": -427 }
                },
                "line": 1
            }
        },
        "f": { "0": 0 }
    },
    "/Users/rsa/lab/exchange-mini/resources/js/components/WalletOverview.vue": {
        "path": "/Users/rsa/lab/exchange-mini/resources/js/components/WalletOverview.vue",
        "all": true,
        "statementMap": {
            "0": {
                "start": { "line": 1, "column": 0 },
                "end": { "line": 1, "column": 10 }
            },
            "1": {
                "start": { "line": 2, "column": 0 },
                "end": { "line": 2, "column": 68 }
            },
            "2": {
                "start": { "line": 3, "column": 0 },
                "end": { "line": 3, "column": 77 }
            },
            "4": {
                "start": { "line": 5, "column": 0 },
                "end": { "line": 5, "column": 13 }
            },
            "5": {
                "start": { "line": 6, "column": 0 },
                "end": { "line": 6, "column": 12 }
            },
            "6": {
                "start": { "line": 7, "column": 0 },
                "end": { "line": 7, "column": 39 }
            },
            "7": {
                "start": { "line": 8, "column": 0 },
                "end": { "line": 8, "column": 64 }
            },
            "8": {
                "start": { "line": 9, "column": 0 },
                "end": { "line": 9, "column": 9 }
            },
            "10": {
                "start": { "line": 11, "column": 0 },
                "end": { "line": 11, "column": 14 }
            },
            "11": {
                "start": { "line": 12, "column": 0 },
                "end": { "line": 12, "column": 77 }
            },
            "12": {
                "start": { "line": 13, "column": 0 },
                "end": { "line": 13, "column": 36 }
            },
            "13": {
                "start": { "line": 14, "column": 0 },
                "end": { "line": 14, "column": 14 }
            },
            "14": {
                "start": { "line": 15, "column": 0 },
                "end": { "line": 15, "column": 38 }
            },
            "15": {
                "start": { "line": 16, "column": 0 },
                "end": { "line": 16, "column": 17 }
            },
            "16": {
                "start": { "line": 17, "column": 0 },
                "end": { "line": 17, "column": 19 }
            },
            "17": {
                "start": { "line": 18, "column": 0 },
                "end": { "line": 18, "column": 80 }
            },
            "18": {
                "start": { "line": 19, "column": 0 },
                "end": { "line": 19, "column": 17 }
            },
            "20": {
                "start": { "line": 21, "column": 0 },
                "end": { "line": 21, "column": 21 }
            },
            "21": {
                "start": { "line": 22, "column": 0 },
                "end": { "line": 22, "column": 18 }
            },
            "22": {
                "start": { "line": 23, "column": 0 },
                "end": { "line": 23, "column": 81 }
            },
            "23": {
                "start": { "line": 24, "column": 0 },
                "end": { "line": 24, "column": 17 }
            },
            "24": {
                "start": { "line": 25, "column": 0 },
                "end": { "line": 25, "column": 46 }
            },
            "25": {
                "start": { "line": 26, "column": 0 },
                "end": { "line": 26, "column": 20 }
            },
            "26": {
                "start": { "line": 27, "column": 0 },
                "end": { "line": 27, "column": 18 }
            },
            "27": {
                "start": { "line": 28, "column": 0 },
                "end": { "line": 28, "column": 17 }
            },
            "28": {
                "start": { "line": 29, "column": 0 },
                "end": { "line": 29, "column": 19 }
            },
            "29": {
                "start": { "line": 30, "column": 0 },
                "end": { "line": 30, "column": 85 }
            },
            "30": {
                "start": { "line": 31, "column": 0 },
                "end": { "line": 31, "column": 17 }
            },
            "32": {
                "start": { "line": 33, "column": 0 },
                "end": { "line": 33, "column": 21 }
            },
            "33": {
                "start": { "line": 34, "column": 0 },
                "end": { "line": 34, "column": 68 }
            },
            "34": {
                "start": { "line": 35, "column": 0 },
                "end": { "line": 35, "column": 23 }
            },
            "35": {
                "start": { "line": 36, "column": 0 },
                "end": { "line": 36, "column": 56 }
            },
            "36": {
                "start": { "line": 37, "column": 0 },
                "end": { "line": 37, "column": 43 }
            },
            "37": {
                "start": { "line": 38, "column": 0 },
                "end": { "line": 38, "column": 95 }
            },
            "39": {
                "start": { "line": 40, "column": 0 },
                "end": { "line": 40, "column": 80 }
            },
            "40": {
                "start": { "line": 41, "column": 0 },
                "end": { "line": 41, "column": 40 }
            },
            "41": {
                "start": { "line": 42, "column": 0 },
                "end": { "line": 42, "column": 33 }
            },
            "42": {
                "start": { "line": 43, "column": 0 },
                "end": { "line": 43, "column": 70 }
            },
            "43": {
                "start": { "line": 44, "column": 0 },
                "end": { "line": 44, "column": 51 }
            },
            "44": {
                "start": { "line": 45, "column": 0 },
                "end": { "line": 45, "column": 50 }
            },
            "45": {
                "start": { "line": 46, "column": 0 },
                "end": { "line": 46, "column": 30 }
            },
            "46": {
                "start": { "line": 47, "column": 0 },
                "end": { "line": 47, "column": 41 }
            },
            "47": {
                "start": { "line": 48, "column": 0 },
                "end": { "line": 48, "column": 25 }
            },
            "48": {
                "start": { "line": 49, "column": 0 },
                "end": { "line": 49, "column": 25 }
            },
            "49": {
                "start": { "line": 50, "column": 0 },
                "end": { "line": 50, "column": 21 }
            },
            "50": {
                "start": { "line": 51, "column": 0 },
                "end": { "line": 51, "column": 67 }
            },
            "52": {
                "start": { "line": 53, "column": 0 },
                "end": { "line": 53, "column": 20 }
            },
            "53": {
                "start": { "line": 54, "column": 0 },
                "end": { "line": 54, "column": 18 }
            },
            "54": {
                "start": { "line": 55, "column": 0 },
                "end": { "line": 55, "column": 14 }
            },
            "55": {
                "start": { "line": 56, "column": 0 },
                "end": { "line": 56, "column": 10 }
            },
            "59": {
                "start": { "line": 60, "column": 0 },
                "end": { "line": 60, "column": 51 }
            },
            "60": {
                "start": { "line": 61, "column": 0 },
                "end": { "line": 61, "column": 42 }
            },
            "62": {
                "start": { "line": 63, "column": 0 },
                "end": { "line": 63, "column": 39 }
            },
            "63": {
                "start": { "line": 64, "column": 0 },
                "end": { "line": 64, "column": 55 }
            },
            "64": {
                "start": { "line": 65, "column": 0 },
                "end": { "line": 65, "column": 42 }
            },
            "65": {
                "start": { "line": 66, "column": 0 },
                "end": { "line": 66, "column": 46 }
            },
            "66": {
                "start": { "line": 67, "column": 0 },
                "end": { "line": 67, "column": 2 }
            },
            "68": {
                "start": { "line": 69, "column": 0 },
                "end": { "line": 69, "column": 17 }
            },
            "69": {
                "start": { "line": 70, "column": 0 },
                "end": { "line": 70, "column": 32 }
            },
            "70": {
                "start": { "line": 71, "column": 0 },
                "end": { "line": 71, "column": 3 }
            }
        },
        "s": {
            "0": 0,
            "1": 0,
            "2": 0,
            "4": 0,
            "5": 0,
            "6": 0,
            "7": 0,
            "8": 0,
            "10": 0,
            "11": 0,
            "12": 0,
            "13": 0,
            "14": 0,
            "15": 0,
            "16": 0,
            "17": 0,
            "18": 0,
            "20": 0,
            "21": 0,
            "22": 0,
            "23": 0,
            "24": 0,
            "25": 0,
            "26": 0,
            "27": 0,
            "28": 0,
            "29": 0,
            "30": 0,
            "32": 0,
            "33": 0,
            "34": 0,
            "35": 0,
            "36": 0,
            "37": 0,
            "39": 0,
            "40": 0,
            "41": 0,
            "42": 0,
            "43": 0,
            "44": 0,
            "45": 0,
            "46": 0,
            "47": 0,
            "48": 0,
            "49": 0,
            "50": 0,
            "52": 0,
            "53": 0,
            "54": 0,
            "55": 0,
            "59": 0,
            "60": 0,
[...]
                "end": { "line": 69, "column": 26 }
            },
            "70": {
                "start": { "line": 71, "column": 0 },
                "end": { "line": 71, "column": 33 }
            },
            "71": {
                "start": { "line": 72, "column": 0 },
                "end": { "line": 72, "column": 64 }
            },
            "72": {
                "start": { "line": 73, "column": 0 },
                "end": { "line": 73, "column": 37 }
            },
            "74": {
                "start": { "line": 75, "column": 0 },
                "end": { "line": 75, "column": 48 }
            },
            "75": {
                "start": { "line": 76, "column": 0 },
                "end": { "line": 76, "column": 28 }
            },
            "76": {
                "start": { "line": 77, "column": 0 },
                "end": { "line": 77, "column": 9 }
            },
            "77": {
                "start": { "line": 78, "column": 0 },
                "end": { "line": 78, "column": 42 }
            },
            "78": {
                "start": { "line": 79, "column": 0 },
                "end": { "line": 79, "column": 26 }
            },
            "79": {
                "start": { "line": 80, "column": 0 },
                "end": { "line": 80, "column": 28 }
            },
            "80": {
                "start": { "line": 81, "column": 0 },
                "end": { "line": 81, "column": 79 }
            },
            "81": {
                "start": { "line": 82, "column": 0 },
                "end": { "line": 82, "column": 29 }
            },
            "82": {
                "start": { "line": 83, "column": 0 },
                "end": { "line": 83, "column": 5 }
            },
            "83": {
                "start": { "line": 84, "column": 0 },
                "end": { "line": 84, "column": 2 }
            }
        },
        "s": {
            "0": 0,
            "1": 0,
            "2": 0,
            "4": 0,
            "5": 0,
            "7": 0,
            "8": 0,
            "9": 0,
            "11": 0,
            "12": 0,
            "13": 0,
            "14": 0,
            "15": 0,
            "16": 0,
            "17": 0,
            "18": 0,
            "19": 0,
            "20": 0,
            "21": 0,
            "22": 0,
            "23": 0,
            "24": 0,
            "25": 0,
            "26": 0,
            "27": 0,
            "28": 0,
            "29": 0,
            "30": 0,
            "31": 0,
            "32": 0,
            "33": 0,
            "34": 0,
            "35": 0,
            "36": 0,
            "37": 0,
            "38": 0,
            "39": 0,
            "40": 0,
            "41": 0,
            "42": 0,
            "43": 0,
            "44": 0,
            "45": 0,
            "46": 0,
            "47": 0,
            "48": 0,
            "50": 0,
            "51": 0,
            "52": 0,
            "53": 0,
            "55": 0,
            "56": 0,
            "57": 0,
            "58": 0,
            "59": 0,
            "60": 0,
            "61": 0,
            "62": 0,
            "66": 0,
            "68": 0,
            "70": 0,
            "71": 0,
            "72": 0,
            "74": 0,
            "75": 0,
            "76": 0,
            "77": 0,
            "78": 0,
            "79": 0,
            "80": 0,
            "81": 0,
            "82": 0,
            "83": 0
        },
        "branchMap": {
            "0": {
                "type": "branch",
                "line": 1,
                "loc": {
                    "start": { "line": 1, "column": 0 },
                    "end": { "line": 85, "column": -2282 }
                },
                "locations": [
                    {
                        "start": { "line": 1, "column": 0 },
                        "end": { "line": 85, "column": -2282 }
                    }
                ]
            }
        },
        "b": { "0": [0] },
        "fnMap": {
            "0": {
                "name": "(empty-report)",
                "decl": {
                    "start": { "line": 1, "column": 0 },
                    "end": { "line": 85, "column": -2282 }
                },
                "loc": {
                    "start": { "line": 1, "column": 0 },
                    "end": { "line": 85, "column": -2282 }
                },
                "line": 1
            }
        },
        "f": { "0": 0 }
    },
    "/Users/rsa/lab/exchange-mini/resources/js/views/Register.vue": {
        "path": "/Users/rsa/lab/exchange-mini/resources/js/views/Register.vue",
        "all": true,
        "statementMap": {
            "0": {
                "start": { "line": 1, "column": 0 },
                "end": { "line": 1, "column": 10 }
            },
            "1": {
                "start": { "line": 2, "column": 0 },
                "end": { "line": 2, "column": 8 }
            },
            "2": {
                "start": { "line": 3, "column": 0 },
                "end": { "line": 3, "column": 90 }
            },
            "4": {
                "start": { "line": 5, "column": 0 },
                "end": { "line": 5, "column": 12 }
            },
            "5": {
                "start": { "line": 6, "column": 0 },
                "end": { "line": 6, "column": 96 }
            },
            "7": {
                "start": { "line": 8, "column": 0 },
                "end": { "line": 8, "column": 15 }
            },
            "8": {
                "start": { "line": 9, "column": 0 },
                "end": { "line": 9, "column": 84 }
            },
            "9": {
                "start": { "line": 10, "column": 0 },
                "end": { "line": 10, "column": 13 }
            },
            "11": {
                "start": { "line": 12, "column": 0 },
                "end": { "line": 12, "column": 17 }
            },
            "12": {
                "start": { "line": 13, "column": 0 },
                "end": { "line": 13, "column": 69 }
            },
            "13": {
                "start": { "line": 14, "column": 0 },
                "end": { "line": 14, "column": 21 }
            },
            "14": {
                "start": { "line": 15, "column": 0 },
                "end": { "line": 15, "column": 26 }
            },
            "15": {
                "start": { "line": 16, "column": 0 },
                "end": { "line": 16, "column": 34 }
            },
            "16": {
                "start": { "line": 17, "column": 0 },
                "end": { "line": 17, "column": 90 }
            },
            "17": {
                "start": { "line": 18, "column": 0 },
                "end": { "line": 18, "column": 36 }
            },
            "18": {
                "start": { "line": 19, "column": 0 },
                "end": { "line": 19, "column": 21 }
            },
            "19": {
                "start": { "line": 20, "column": 0 },
                "end": { "line": 20, "column": 26 }
            },
            "20": {
                "start": { "line": 21, "column": 0 },
                "end": { "line": 21, "column": 43 }
            },
            "21": {
                "start": { "line": 22, "column": 0 },
                "end": { "line": 22, "column": 35 }
            },
            "22": {
                "start": { "line": 23, "column": 0 },
                "end": { "line": 23, "column": 33 }
            },
            "23": {
                "start": { "line": 24, "column": 0 },
                "end": { "line": 24, "column": 32 }
            },
            "24": {
                "start": { "line": 25, "column": 0 },
                "end": { "line": 25, "column": 267 }
            },
            "25": {
                "start": { "line": 26, "column": 0 },
                "end": { "line": 26, "column": 22 }
            },
            "26": {
                "start": { "line": 27, "column": 0 },
                "end": { "line": 27, "column": 22 }
            },
            "27": {
                "start": { "line": 28, "column": 0 },
                "end": { "line": 28, "column": 21 }
            },
            "28": {
                "start": { "line": 29, "column": 0 },
                "end": { "line": 29, "column": 26 }
            },
            "29": {
                "start": { "line": 30, "column": 0 },
                "end": { "line": 30, "column": 35 }
            },
            "30": {
                "start": { "line": 31, "column": 0 },
                "end": { "line": 31, "column": 90 }
            },
            "31": {
                "start": { "line": 32, "column": 0 },
                "end": { "line": 32, "column": 45 }
            },
            "32": {
                "start": { "line": 33, "column": 0 },
                "end": { "line": 33, "column": 21 }
            },
            "33": {
                "start": { "line": 34, "column": 0 },
                "end": { "line": 34, "column": 26 }
            },
            "34": {
                "start": { "line": 35, "column": 0 },
                "end": { "line": 35, "column": 44 }
            },
            "35": {
                "start": { "line": 36, "column": 0 },
                "end": { "line": 36, "column": 36 }
            },
            "36": {
                "start": { "line": 37, "column": 0 },
                "end": { "line": 37, "column": 34 }
            },
            "37": {
                "start": { "line": 38, "column": 0 },
                "end": { "line": 38, "column": 32 }
            },
            "38": {
                "start": { "line": 39, "column": 0 },
                "end": { "line": 39, "column": 267 }
            },
            "39": {
                "start": { "line": 40, "column": 0 },
                "end": { "line": 40, "column": 22 }
            },
            "40": {
                "start": { "line": 41, "column": 0 },
                "end": { "line": 41, "column": 22 }
            },
            "41": {
                "start": { "line": 42, "column": 0 },
                "end": { "line": 42, "column": 21 }
            },
            "42": {
                "start": { "line": 43, "column": 0 },
                "end": { "line": 43, "column": 26 }
            },
            "43": {
                "start": { "line": 44, "column": 0 },
                "end": { "line": 44, "column": 38 }
            },
            "44": {
                "start": { "line": 45, "column": 0 },
                "end": { "line": 45, "column": 90 }
            },
            "45": {
                "start": { "line": 46, "column": 0 },
                "end": { "line": 46, "column": 40 }
            },
            "46": {
                "start": { "line": 47, "column": 0 },
                "end": { "line": 47, "column": 21 }
            },
            "47": {
                "start": { "line": 48, "column": 0 },
                "end": { "line": 48, "column": 26 }
            },
            "48": {
                "start": { "line": 49, "column": 0 },
                "end": { "line": 49, "column": 47 }
            },
            "49": {
                "start": { "line": 50, "column": 0 },
                "end": { "line": 50, "column": 39 }
            },
            "50": {
                "start": { "line": 51, "column": 0 },
                "end": { "line": 51, "column": 37 }
            },
            "51": {
                "start": { "line": 52, "column": 0 },
                "end": { "line": 52, "column": 32 }
            },
            "52": {
                "start": { "line": 53, "column": 0 },
                "end": { "line": 53, "column": 267 }
            },
            "53": {
                "start": { "line": 54, "column": 0 },
                "end": { "line": 54, "column": 22 }
            },
            "54": {
                "start": { "line": 55, "column": 0 },
                "end": { "line": 55, "column": 22 }
            },
            "55": {
                "start": { "line": 56, "column": 0 },
                "end": { "line": 56, "column": 70 }
            },
            "56": {
                "start": { "line": 57, "column": 0 },
                "end": { "line": 57, "column": 38 }
            },
            "57": {
                "start": { "line": 58, "column": 0 },
                "end": { "line": 58, "column": 22 }
            },
            "58": {
                "start": { "line": 59, "column": 0 },
                "end": { "line": 59, "column": 21 }
            },
            "59": {
                "start": { "line": 60, "column": 0 },
                "end": { "line": 60, "column": 27 }
            },
            "60": {
                "start": { "line": 61, "column": 0 },
                "end": { "line": 61, "column": 37 }
            },
            "61": {
                "start": { "line": 62, "column": 0 },
                "end": { "line": 62, "column": 190 }
            },
            "62": {
                "start": { "line": 63, "column": 0 },
                "end": { "line": 63, "column": 21 }
            },
            "64": {
                "start": { "line": 65, "column": 0 },
                "end": { "line": 65, "column": 29 }
            },
            "65": {
                "start": { "line": 66, "column": 0 },
                "end": { "line": 66, "column": 22 }
            },
            "66": {
                "start": { "line": 67, "column": 0 },
                "end": { "line": 67, "column": 19 }
            },
            "67": {
                "start": { "line": 68, "column": 0 },
                "end": { "line": 68, "column": 76 }
            },
            "69": {
                "start": { "line": 70, "column": 0 },
                "end": { "line": 70, "column": 28 }
            },
            "70": {
                "start": { "line": 71, "column": 0 },
                "end": { "line": 71, "column": 31 }
            },
            "71": {
                "start": { "line": 72, "column": 0 },
                "end": { "line": 72, "column": 77 }
            },
            "72": {
                "start": { "line": 73, "column": 0 },
                "end": { "line": 73, "column": 44 }
            },
            "73": {
                "start": { "line": 74, "column": 0 },
                "end": { "line": 74, "column": 17 }
            },
            "74": {
                "start": { "line": 75, "column": 0 },
                "end": { "line": 75, "column": 16 }
            },
            "75": {
                "start": { "line": 76, "column": 0 },
                "end": { "line": 76, "column": 14 }
            },
            "76": {
                "start": { "line": 77, "column": 0 },
                "end": { "line": 77, "column": 10 }
            },
            "80": {
                "start": { "line": 81, "column": 0 },
                "end": { "line": 81, "column": 45 }
            },
            "82": {
                "start": { "line": 83, "column": 0 },
                "end": { "line": 83, "column": 26 }
            },
            "84": {
                "start": { "line": 85, "column": 0 },
                "end": { "line": 85, "column": 33 }
            },
            "85": {
                "start": { "line": 86, "column": 0 },
                "end": { "line": 86, "column": 70 }
            },
            "86": {
                "start": { "line": 87, "column": 0 },
                "end": { "line": 87, "column": 37 }
            },
            "88": {
                "start": { "line": 89, "column": 0 },
                "end": { "line": 89, "column": 51 }
            },
            "89": {
                "start": { "line": 90, "column": 0 },
                "end": { "line": 90, "column": 28 }
            },
            "90": {
                "start": { "line": 91, "column": 0 },
                "end": { "line": 91, "column": 9 }
            },
            "91": {
                "start": { "line": 92, "column": 0 },
                "end": { "line": 92, "column": 45 }
            },
            "92": {
                "start": { "line": 93, "column": 0 },
                "end": { "line": 93, "column": 26 }
            },
            "93": {
                "start": { "line": 94, "column": 0 },
                "end": { "line": 94, "column": 28 }
            },
            "94": {
                "start": { "line": 95, "column": 0 },
                "end": { "line": 95, "column": 44 }
            },
            "95": {
                "start": { "line": 96, "column": 0 },
                "end": { "line": 96, "column": 53 }
            },
            "96": {
                "start": { "line": 97, "column": 0 },
                "end": { "line": 97, "column": 29 }
            },
            "97": {
                "start": { "line": 98, "column": 0 },
                "end": { "line": 98, "column": 5 }
            },
            "98": {
                "start": { "line": 99, "column": 0 },
                "end": { "line": 99, "column": 2 }
            }
        },
        "s": {
            "0": 0,
            "1": 0,
            "2": 0,
            "4": 0,
            "5": 0,
            "7": 0,
            "8": 0,
            "9": 0,
            "11": 0,
            "12": 0,
            "13": 0,
            "14": 0,
            "15": 0,
            "16": 0,
            "17": 0,
            "18": 0,
            "19": 0,
            "20": 0,
            "21": 0,
            "22": 0,
            "23": 0,
            "24": 0,
            "25": 0,
            "26": 0,
            "27": 0,
            "28": 0,
            "29": 0,
            "30": 0,
            "31": 0,
            "32": 0,
            "33": 0,
            "34": 0,
            "35": 0,
            "36": 0,
            "37": 0,
            "38": 0,
            "39": 0,
            "40": 0,
            "41": 0,
            "42": 0,
            "43": 0,
            "44": 0,
            "45": 0,
            "46": 0,
            "47": 0,
            "48": 0,
            "49": 0,
            "50": 0,
            "51": 0,
            "52": 0,
            "53": 0,
            "54": 0,
            "55": 0,
            "56": 0,
            "57": 0,
            "58": 0,
            "59": 0,
            "60": 0,
            "61": 0,
            "62": 0,
            "64": 0,
            "65": 0,
            "66": 0,
            "67": 0,
            "69": 0,
            "70": 0,
            "71": 0,
            "72": 0,
            "73": 0,
            "74": 0,
            "75": 0,
            "76": 0,
            "80": 0,
            "82": 0,
            "84": 0,
            "85": 0,
            "86": 0,
            "88": 0,
            "89": 0,
            "90": 0,
            "91": 0,
            "92": 0,
            "93": 0,
            "94": 0,
            "95": 0,
            "96": 0,
            "97": 0,
            "98": 0
        },
        "branchMap": {
            "0": {
                "type": "branch",
                "line": 1,
                "loc": {
                    "start": { "line": 1, "column": 0 },
                    "end": { "line": 100, "column": -2285 }
                },
                "locations": [
                    {
                        "start": { "line": 1, "column": 0 },
                        "end": { "line": 100, "column": -2285 }
                    }
                ]
            }
        },
        "b": { "0": [0] },
        "fnMap": {
            "0": {
                "name": "(empty-report)",
                "decl": {
                    "start": { "line": 1, "column": 0 },
                    "end": { "line": 100, "column": -2285 }
                },
                "loc": {
                    "start": { "line": 1, "column": 0 },
                    "end": { "line": 100, "column": -2285 }
                },
                "line": 1
            }
        },
        "f": { "0": 0 }
    }
}
